 
****************************************
Report : area
Design : URISC
Version: Q-2019.12-SP5-2
Date   : Thu Apr 28 20:20:48 2022
****************************************

Library(s) Used:

    tt_1v8_25c (File: /data3/course_lib_umc18/synopsys/tt_1v8_25c.db)

Number of ports:                           31
Number of nets:                           180
Number of cells:                          162
Number of combinational cells:            123
Number of sequential cells:                38
Number of macros/black boxes:               0
Number of buf/inv:                         24
Number of references:                      22

Combinational area:               2341.785640
Buf/Inv area:                      239.500809
Noncombinational area:            2637.835220
Macro/Black Box area:                0.000000
Net Interconnect area:      undefined  (No wire load specified)

Total cell area:                  4979.620860
Total area:                 undefined
1
