 
****************************************
Report : area
Design : Add32
Version: Q-2019.12-SP5-2
Date   : Sun Mar 20 00:13:26 2022
****************************************

Library(s) Used:

    tt_1v8_25c (File: /data3/course_lib_umc18/synopsys/tt_1v8_25c.db)

Number of ports:                           99
Number of nets:                           527
Number of cells:                          461
Number of combinational cells:            461
Number of sequential cells:                 0
Number of macros/black boxes:               0
Number of buf/inv:                         94
Number of references:                      58

Combinational area:               9703.108837
Buf/Inv area:                     1017.878430
Noncombinational area:               0.000000
Macro/Black Box area:                0.000000
Net Interconnect area:      undefined  (No wire load specified)

Total cell area:                  9703.108837
Total area:                 undefined
1
