 
****************************************
Report : area
Design : CountLeadingZeros
Version: Q-2019.12-SP5-2
Date   : Sun Apr 17 10:03:43 2022
****************************************

Library(s) Used:

    tt_1v8_25c (File: /data3/course_lib_umc18/synopsys/tt_1v8_25c.db)

Number of ports:                           38
Number of nets:                           138
Number of cells:                          106
Number of combinational cells:            106
Number of sequential cells:                 0
Number of macros/black boxes:               0
Number of buf/inv:                         22
Number of references:                      32

Combinational area:               1583.366424
Buf/Inv area:                      222.868808
Noncombinational area:               0.000000
Macro/Black Box area:                0.000000
Net Interconnect area:      undefined  (No wire load specified)

Total cell area:                  1583.366424
Total area:                 undefined
1
